2004
0 0 7 0
8 0 16 0
17 0 22 1
23 0 33 0
34 0 38 1
39 0 42 2
43 0 53 0
54 0 63 0
64 0 72 0
73 0 83 0
84 0 92 0
93 0 96 2
97 0 102 1
103 0 112 0
113 0 120 0
121 0 128 0
129 0 138 0
139 0 148 0
149 0 156 0
157 0 158 4
159 0 164 1
165 0 174 0
175 0 179 1
180 0 190 0
191 0 199 0
0 1 9 1
10 1 14 2
15 1 16 4
17 2 24 2
25 1 30 2
31 1 33 4
34 2 38 3
39 3 50 3
44 1 55 1
56 1 60 2
61 1 72 1
73 1 82 1
83 1 92 1
93 3 104 3
98 2 109 2
106 1 117 1
118 1 122 2
123 1 132 1
133 1 137 2
138 1 147 1
148 1 156 1
157 5 167 5
166 1 168 4
169 1 173 2
174 1 174 10
175 2 183 2
184 1 186 3
187 1 187 10
188 1 188 10
189 1 189 10
190 1 191 6
192 1 193 6
194 1 195 6
196 1 199 3
0 2 4 3
5 2 8 3
9 2 9 12
10 3 14 4
13 5 24 5
25 3 28 5
29 3 30 6
31 5 42 5
40 4 51 4
52 2 55 4
56 3 63 3
64 2 75 2
76 2 87 2
88 2 91 3
92 2 92 10
93 4 100 4
101 4 109 4
106 3 117 3
118 3 125 3
126 2 129 3
130 2 132 4
133 3 141 3
142 2 146 3
147 2 156 2
157 6 162 7
163 6 167 7
168 5 172 6
173 3 173 11
174 11 182 11
183 3 183 12
185 4 185 12
186 4 186 13
187 11 198 11
199 4 199 13
64 3 74 3
75 3 82 3
83 3 86 4
87 3 87 11
88 4 91 6
89 11 100 11
98 5 109 5
110 4 118 4
119 4 121 6
122 4 127 5
128 4 129 9
130 5 141 5
136 4 147 4
147 3 156 3
157 8 167 8
168 7 172 8
173 12 181 12
182 12 182 20
183 13 185 16
186 14 193 14
194 12 196 14
197 12 198 16
199 14 199 22
0 4 8 4
9 13 20 13
15 6 26 6
27 6 28 10
29 7 40 7
35 6 46 6
45 5 56 5
56 4 67 4
68 4 79 4
80 4 82 6
83 5 85 7
86 5 86 13
87 12 97 12
98 12 109 12
103 6 114 6
115 5 115 12
116 5 116 16
117 5 117 14
118 5 118 14
119 7 124 8
125 6 127 9
125 10 136 10
133 6 144 6
145 5 156 5
157 9 167 9
168 9 172 10
173 13 177 14
178 13 181 14
182 21 193 21
194 15 195 19
196 15 196 24
197 17 197 26
199 23 199 30
0 5 4 6
5 5 8 6
9 14 12 15
13 14 16 15
17 14 28 14
25 11 36 11
35 8 46 8
47 6 54 6
55 6 59 7
59 5 70 5
71 5 76 6
77 5 79 7
80 7 82 9
83 8 85 11
86 14 95 14
96 13 100 14
101 13 112 13
110 7 112 10
113 7 114 10
115 13 115 20
117 15 128 15
125 11 136 11
136 7 147 7
145 6 155 6
156 6 156 16
157 10 164 10
165 10 167 12
168 11 168 19
169 11 172 13
173 15 180 15
181 15 181 22
182 22 191 22
192 22 194 24
195 20 195 27
196 25 196 32
197 27 198 32
199 31 199 38
60 6 64 7
65 6 68 8
69 6 70 11
71 7 76 8
77 8 78 12
79 10 82 12
83 12 84 17
85 12 85 22
86 15 90 16
91 15 93 18
94 15 105 15
102 14 113 14
114 11 114 20
115 21 126 21
120 16 131 16
131 12 136 13
133 8 144 8
145 8 146 13
147 8 152 9
153 7 155 9
156 17 163 17
164 11 164 19
165 13 167 15
168 20 171 22
171 14 172 19
173 16 180 16
179 23 188 23
189 23 191 25
192 25 194 27
196 33 198 36
199 39 199 48
0 7 1 11
2 7 7 8
8 7 8 16
9 16 20 16
20 15 31 15
28 12 39 12
38 9 49 9
49 7 54 8
55 8 62 8
63 8 64 12
65 9 67 11
68 9 68 17
69 12 76 12
77 13 81 14
82 13 82 20
84 18 84 28
85 23 96 23
95 16 106 16
107 15 112 16
114 21 114 31
115 22 126 22
124 17 127 19
128 17 131 19
130 14 135 15
136 14 147 14
147 10 150 12
151 10 154 11
155 10 155 21
156 18 159 19
160 18 162 21
163 18 163 27
164 20 166 23
167 16 167 27
168 23 178 23
179 17 180 22
181 24 183 26
184 24 185 29
186 24 188 27
189 26 191 29
192 28 195 29
196 37 198 39
199 49 199 58
2 9 7 10
8 17 18 17
19 17 30 17
26 16 37 16
35 13 46 13
46 10 51 11
50 9 59 9
60 9 62 12
63 13 65 16
67 12 67 20
68 18 75 18
76 13 76 22
77 15 80 17
81 15 81 23
82 21 83 24
84 29 95 29
91 24 96 25
95 17 106 17
107 17 112 18
113 15 113 26
114 32 119 33
118 23 120 26
121 23 122 28
123 23 134 23
132 16 143 16
141 15 152 15
153 12 154 16
156 20 158 22
159 20 159 28
160 22 162 25
161 28 172 28
171 24 176 25
177 24 180 26
181 27 183 29
184 30 192 30
193 30 195 32
196 40 198 42
199 59 199 66
52 10 56 11
57 10 59 13
60 13 62 16
63 17 64 22
66 12 66 23
67 21 70 23
70 19 75 20
76 23 80 24
81 24 81 31
82 25 83 28
84 30 95 30
91 26 102 26
102 18 105 20
106 18 106 27
107 19 110 20
111 19 111 30
112 19 112 29
113 27 113 34
114 34 125 34
123 24 133 24
134 24 145 24
146 16 151 17
152 16 152 23
153 17 153 25
155 23 158 25
159 29 163 30
164 29 174 29
175 26 176 30
177 27 179 29
180 27 180 34
181 30 182 34
183 30 183 38
184 31 188 32
189 31 192 33
193 33 195 35
196 43 197 47
198 43 198 51
199 67 199 78
2 11 4 13
5 11 6 14
7 11 7 18
8 18 12 19
13 18 23 18
24 18 35 18
31 17 42 17
39 14 50 14
51 12 54 14
55 12 56 16
57 14 59 16
60 17 62 19
63 23 63 31
64 23 65 28
66 24 73 24
74 21 75 25
76 25 80 26
81 32 82 37
83 29 83 37
84 31 95 31
92 27 103 27
104 21 105 26
106 28 109 30
109 21 110 26
113 35 120 35
121 35 132 35
126 25 137 25
138 25 149 25
149 18 150 23
151 18 151 26
152 24 152 34
153 26 154 31
156 26 158 29
158 31 169 31
170 30 172 32
173 30 174 34
175 31 178 33
179 30 179 37
180 35 182 37
183 39 191 39
192 34 192 41
193 36 194 41
195 36 195 45
196 48 197 51
198 52 198 62
0 12 1 15
2 14 4 16
5 15 6 19
7 19 7 28
8 20 16 20
13 19 23 19
24 19 27 20
28 19 39 19
36 18 47 18
43 15 54 15
55 17 59 18
60 20 62 23
63 32 74 32
75 26 75 34
76 27 80 28
81 38 86 39
87 32 98 32
98 28 101 30
102 28 105 30
106 31 110 32
112 30 112 40
113 36 120 36
121 36 124 37
125 36 136 36
134 26 145 26
146 26 149 27
150 24 150 34
151 27 151 34
152 35 155 37
156 30 157 35
159 32 162 34
163 32 165 35
166 32 168 35
169 32 169 41
170 33 172 36
173 35 178 36
177 38 182 39
183 40 190 40
191 40 191 47
192 42 194 44
195 46 195 53
196 52 196 60
198 63 198 74
0 16 1 21
2 17 4 19
5 20 5 29
6 29 17 29
17 20 21 21
22 20 23 25
24 21 35 21
31 20 42 20
43 19 47 20
46 16 51 17
52 16 54 18
55 19 59 20
60 24 62 26
63 33 71 33
72 33 73 36
74 33 74 43
75 35 78 37
79 29 80 34
79 40 90 40
87 33 98 33
99 31 102 32
103 31 105 33
106 33 110 34
112 41 115 42
116 37 117 42
118 37 120 40
121 38 131 38
125 37 136 37
135 27 140 28
141 27 143 29
144 27 145 30
146 28 149 30
150 35 151 39
152 38 161 38
162 35 162 42
163 36 167 37
168 36 168 44
169 42 179 42
177 40 182 41
183 41 186 42
187 41 190 42
191 48 193 50
194 45 194 53
195 54 195 61
196 61 197 66
48 18 49 23
50 18 51 23
52 19 54 21
55 21 57 24
58 21 59 25
60 27 62 29
63 34 66 35
67 34 70 35
71 34 71 42
72 37 73 42
74 44 85 44
82 41 93 41
94 34 99 35
100 33 102 35
103 34 105 37
106 35 110 36
111 31 111 42
112 43 123 43
121 39 132 39
132 38 139 38
140 29 140 39
141 30 143 33
144 31 147 33
148 31 149 36
150 40 161 40
162 43 164 46
165 38 167 41
168 45 179 45
180 42 181 47
182 43 187 44
188 43 190 46
191 51 193 53
194 54 194 62
195 62 195 70
196 67 197 72
2 20 4 22
4 30 15 30
16 30 27 30
24 22 29 23
30 22 39 22
40 21 43 22
44 21 46 23
47 21 47 28
48 24 51 26
52 22 54 25
55 25 57 28
58 26 59 31
60 30 62 33
63 36 66 37
67 36 69 39
70 36 70 46
71 43 73 46
74 45 77 47
78 45 83 46
79 42 90 42
91 42 102 42
100 36 102 39
103 38 107 39
108 37 110 40
111 43 111 52
112 44 119 44
120 44 131 44
127 40 132 41
133 39 138 40
139 39 139 46
140 40 149 40
149 41 154 42
155 41 158 43
159 41 161 44
162 47 171 47
172 46 176 47
177 46 179 48
180 48 188 48
189 47 190 52
191 54 192 57
193 54 193 61
194 63 194 73
195 71 195 79
196 73 197 78
0 22 1 27
2 23 4 26
4 31 13 31
14 31 17 32
18 31 29 31
27 24 38 24
39 23 41 25
42 23 43 27
44 24 46 27
47 29 55 29
56 29 57 32
58 32 59 35
60 34 62 36
63 38 65 40
66 38 66 47
67 40 69 43
70 47 73 49
74 48 85 48
86 43 88 45
89 43 89 51
90 43 91 48
92 43 103 43
104 40 107 42
108 41 109 44
110 41 110 49
111 53 122 53
119 45 130 45
130 42 135 43
136 41 138 43
139 47 150 47
150 43 153 45
154 44 158 45
159 45 161 47
162 48 171 48
172 48 174 50
175 48 175 56
176 48 176 58
177 49 188 49
189 53 190 56
191 58 192 61
193 62 193 69
194 74 194 84
195 80 197 83
25 25 36 25
37 25 38 29
39 26 40 30
41 26 41 36
42 28 46 29
46 30 51 31
52 30 53 34
54 30 55 34
56 33 57 37
58 36 59 40
60 37 62 40
63 41 65 44
66 48 69 49
70 50 75 51
74 49 82 49
83 49 87 50
88 46 88 53
89 52 100 52
96 44 107 44
108 45 109 49
110 50 110 57
111 54 119 54
120 54 125 55
123 46 134 46
135 44 137 46
138 44 138 52
139 48 146 48
147 48 155 48
156 46 158 48
159 48 160 51
161 48 161 56
162 49 166 50
167 49 169 52
170 49 171 54
172 51 174 54
175 57 175 67
176 59 187 59
186 50 188 53
189 57 190 61
191 62 192 66
193 70 193 77
194 85 199 86
25 26 36 26
37 30 38 34
39 31 40 34
41 37 49 37
49 32 51 35
52 35 55 37
56 38 57 42
58 41 61 42
62 41 62 48
63 45 65 47
66 50 69 51
70 52 80 52
81 50 82 54
83 51 85 54
86 51 87 54
88 54 98 54
93 53 104 53
105 45 106 50
107 50 109 53
110 58 117 58
118 55 118 65
119 56 130 56
130 47 133 49
134 47 136 49
137 47 137 54
138 53 149 53
147 49 158 49
159 52 160 56
161 57 171 57
172 55 174 57
175 68 180 69
179 60 182 62
183 60 184 65
185 60 187 63
189 62 190 66
192 67 192 77
194 87 197 89
198 87 198 95
199 87 199 95
2 27 3 32
4 32 13 32
14 33 23 33
19 32 30 32
30 27 35 28
36 27 36 35
37 35 40 37
41 38 49 38
50 36 51 40
52 38 55 40
56 43 59 44
60 43 61 48
62 49 64 52
65 48 65 56
66 52 68 54
69 52 69 59
70 53 78 53
79 53 80 58
81 55 84 56
85 55 90 56
91 55 99 55
99 54 109 54
110 59 117 59
118 66 129 66
123 57 134 57
135 50 136 55
137 55 144 55
145 54 150 55
147 50 158 50
159 57 160 62
161 58 169 58
170 58 173 59
174 58 174 67
175 70 186 70
186 64 188 67
189 67 191 70
192 78 193 82
194 90 197 91
198 96 199 101
1 28 1 35
2 33 13 33
14 34 25 34
24 33 35 33
36 36 36 43
37 38 40 40
41 39 48 39
49 39 49 48
50 41 55 42
56 45 58 48
59 45 59 53
60 49 61 53
62 53 63 56
64 53 64 61
65 57 67 60
68 55 68 65
69 60 80 60
81 57 89 57
90 57 101 57
100 55 103 56
104 55 107 57
108 55 109 59
110 60 113 61
114 60 117 61
118 67 129 67
125 58 136 58
133 56 144 56
145 56 150 57
151 51 156 52
157 51 158 55
159 63 168 63
167 59 169 62
170 60 173 62
174 68 174 76
175 71 183 71
184 71 191 71
192 83 193 87
194 92 196 94
197 92 197 100
198 102 199 105
1 36 12 36
13 34 13 41
14 35 22 35
23 35 28 36
29 34 31 36
32 34 35 36
36 44 47 44
45 40 48 42
49 49 52 51
52 43 55 45
56 49 58 52
59 54 61 57
62 57 63 61
64 62 67 63
68 66 79 66
73 61 84 61
84 58 95 58
96 58 107 58
108 60 108 70
109 60 109 70
110 62 113 64
114 62 117 63
118 68 129 68
126 59 137 59
137 57 142 58
143 57 144 62
145 58 156 58
153 53 156 55
157 56 158 60
159 64 164 65
165 64 168 65
169 63 173 64
174 77 179 78
177 72 188 72
189 72 190 76
192 88 193 93
194 95 196 97
197 101 197 108
198 106 199 111
1 37 5 38
6 37 9 39
10 37 11 42
12 42 23 42
21 36 22 41
23 37 30 37
31 37 34 39
35 37 35 47
36 45 41 46
42 45 43 49
44 45 48 46
49 52 51 55
52 52 52 61
53 46 55 49
56 53 58 55
59 58 61 61
62 62 63 66
64 64 66 66
67 64 67 74
68 67 79 67
78 62 89 62
87 59 98 59
99 59 104 60
105 59 107 62
108 71 115 71
116 64 117 68
118 69 129 69
126 60 137 60
138 59 142 60
143 63 152 63
151 59 156 60
157 61 158 66
159 66 166 66
167 66 170 67
171 65 173 68
174 79 185 79
186 73 188 76
189 77 191 80
192 94 193 98
194 98 194 105
195 98 195 108
196 98 196 108
197 109 197 116
198 112 199 116
1 39 5 40
6 40 9 41
10 43 17 43
18 43 29 43
25 38 30 39
31 40 33 43
34 40 34 48
35 48 38 49
39 47 40 52
41 47 41 56
42 50 46 51
47 47 48 52
49 56 51 59
52 62 54 65
54 50 55 55
55 56 58 58
59 62 61 64
62 67 65 69
67 75 70 77
68 68 77 68
78 68 89 68
85 63 96 63
97 60 98 65
99 61 102 63
103 61 104 65
105 63 107 65
108 72 115 72
116 69 117 73
118 70 120 73
121 70 123 73
124 70 135 70
134 61 139 62
140 61 142 63
143 64 152 64
150 61 155 62
157 67 164 67
165 67 166 70
167 68 169 70
170 68 170 75
171 69 173 71
174 80 183 80
184 80 188 81
189 81 191 84
192 99 193 104
194 106 194 116
195 109 196 112
197 117 199 120
1 41 4 43
5 41 5 48
6 42 9 44
10 44 18 44
19 44 23 45
24 44 33 44
34 49 34 56
35 50 37 53
38 50 38 57
39 57 48 57
49 60 51 62
50 66 55 67
56 59 58 62
58 65 61 67
62 70 65 71
66 67 66 78
67 78 78 78
71 69 82 69
83 69 94 69
91 64 96 65
96 66 104 66
105 66 107 68
108 73 115 73
115 74 126 74
124 71 135 71
134 63 139 64
140 64 142 66
143 65 152 65
153 63 156 64
156 68 164 68
165 71 167 73
168 71 169 76
170 76 172 78
173 72 173 79
174 81 183 81
184 82 187 83
188 82 188 90
189 85 190 90
191 85 191 92
193 105 193 114
194 117 195 122
196 113 196 120
197 121 199 124
0 32 0 43
1 44 3 46
5 49 13 49
11 45 16 46
17 45 18 50
19 46 28 46
29 45 31 47
32 45 33 49
34 57 37 59
38 58 45 58
46 58 46 68
47 58 48 63
49 63 51 65
49 68 60 68
61 68 61 77
62 72 64 75
65 72 65 81
66 79 77 79
75 70 78 72
79 70 84 71
85 70 96 70
92 66 95 68
96 67 104 67
105 69 107 72
108 74 111 75
112 74 114 76
115 75 126 75
124 72 135 72
136 65 139 67
140 67 147 67
148 66 152 67
153 65 156 67
156 69 164 69
165 74 167 77
168 77 169 81
170 79 172 81
173 80 173 90
174 82 181 82
182 82 183 86
184 84 184 94
185 84 187 87
187 91 190 93
191 93 191 102
193 115 193 122
194 123 194 132
195 123 195 133
196 121 196 132
197 125 199 128
1 47 3 49
4 44 4 55
5 50 13 50
14 47 16 50
17 51 26 51
26 47 28 50
29 48 31 50
32 50 33 54
34 60 41 60
42 59 45 60
46 69 53 69
54 69 56 72
57 69 58 73
59 69 59 80
60 69 60 77
61 78 64 80
65 82 75 82
72 80 83 80
80 72 91 72
92 71 97 72
96 68 100 69
101 68 101 76
102 68 102 78
103 68 103 78
106 73 107 78
108 76 110 78
111 76 111 86
112 77 119 77
118 76 129 76
129 73 140 73
138 68 149 68
150 68 155 69
157 70 162 71
163 70 164 74
165 78 167 80
168 82 171 84
171 91 182 91
183 87 183 96
184 95 187 97
188 94 189 97
190 94 190 104
191 103 191 110
193 123 193 130
194 133 194 140
195 134 197 137
198 129 199 134
0 44 0 55
2 50 3 54
4 56 15 56
11 51 16 52
17 52 26 52
27 51 31 52
32 55 33 58
34 61 44 61
45 61 45 69
46 70 48 73
49 70 52 71
53 70 53 77
54 73 55 78
56 73 56 81
57 74 58 79
60 78 60 86
61 81 64 83
65 83 76 83
69 81 80 81
81 81 92 81
86 73 97 73
98 70 99 75
100 70 100 78
101 77 101 85
102 79 110 79
111 87 122 87
120 77 124 78
125 77 125 84
126 77 129 79
127 74 138 74
139 74 150 74
149 70 154 71
155 70 156 75
157 72 161 73
162 72 162 82
163 75 164 80
165 81 167 83
168 85 168 93
170 85 172 88
171 92 182 92
183 97 183 104
184 98 189 99
191 111 192 116
193 131 193 141
194 141 199 142
1 50 1 61
2 55 3 60
4 57 15 57
14 53 25 53
26 53 30 54
31 53 31 60
32 59 33 62
34 62 36 64
37 62 41 63
42 62 44 64
45 70 45 78
46 74 49 76
50 72 51 76
52 72 52 81
53 78 53 85
54 79 55 84
56 82 59 84
60 87 71 87
64 84 75 84
76 82 84 82
85 82 96 82
93 74 96 76
97 74 97 82
98 76 99 81
100 79 100 86
101 86 109 86
110 80 110 89
111 88 122 88
122 79 124 82
122 85 133 85
130 75 141 75
142 75 152 75
153 72 154 75
154 76 158 77
159 74 161 77
162 83 164 85
165 84 167 87
168 94 176 94
177 93 180 94
181 93 182 98
183 105 190 105
191 117 192 121
193 142 193 151
194 143 197 145
198 143 199 148
12 54 23 54
24 54 25 57
26 55 28 57
29 55 30 59
31 61 31 71
32 63 33 68
34 65 41 65
42 65 44 68
45 79 49 80
50 77 51 81
52 82 52 92
53 86 56 88
57 85 59 88
60 88 64 89
65 88 70 89
68 85 79 85
79 83 90 83
91 83 99 83
100 87 108 87
109 87 109 96
110 90 112 93
113 89 124 89
121 86 132 86
133 86 144 86
143 76 148 77
149 76 151 78
152 76 153 81
155 78 158 80
159 78 161 81
162 86 164 89
165 88 166 91
167 88 167 95
168 95 176 95
177 95 180 96
181 99 182 104
183 106 187 107
188 106 190 108
191 122 192 127
193 152 197 153
198 149 198 158
12 55 23 55
24 58 28 59
29 60 30 64
31 72 39 72
39 66 41 69
42 69 44 71
45 81 49 82
50 82 51 85
52 93 63 93
62 90 73 90
70 86 81 86
78 84 89 84
90 84 98 84
99 84 99 91
100 88 103 90
104 88 108 89
109 97 120 97
120 90 123 92
124 90 135 90
134 87 145 87
146 78 146 87
148 78 148 88
149 79 150 82
151 79 151 89
152 82 160 82
161 82 161 91
162 90 162 100
163 90 164 95
165 92 166 97
167 96 174 96
175 96 176 100
177 97 180 98
181 105 182 109
183 108 187 109
188 109 189 113
191 128 192 131
193 154 195 157
196 154 197 159
198 159 199 163
0 56 0 66
1 62 9 62
6 58 17 58
17 56 22 57
23 56 23 65
24 60 28 61
29 65 30 68
31 73 34 75
35 73 38 75
40 70 40 79
41 70 41 79
42 72 44 75
45 83 49 84
50 86 51 89
52 94 59 94
60 94 71 94
66 91 77 91
77 87 82 88
83 85 94 85
95 85 97 88
98 85 98 93
99 92 106 92
107 90 108 94
109 98 116 98
117 98 128 98
124 91 135 91
135 88 146 88
150 83 150 91
151 90 156 91
155 83 160 84
161 92 161 101
162 101 172 101
173 97 174 102
175 101 178 102
179 99 180 103
181 110 185 111
186 110 187 114
188 114 190 116
191 132 192 135
193 158 195 161
196 160 197 165
198 164 199 168
18 58 22 59
23 66 27 67
28 62 28 72
29 69 30 74
31 76 39 76
40 80 44 81
45 85 48 86
49 85 49 93
50 90 51 94
52 95 60 95
61 95 72 95
67 92 78 92
76 89 87 89
87 86 92 87
93 86 94 90
95 89 97 91
98 94 106 94
107 95 108 99
109 99 118 99
119 99 130 99
125 92 136 92
134 89 145 89
146 89 149 91
151 92 154 94
155 92 155 102
156 85 159 87
160 85 160 96
159 102 170 102
171 102 172 106
173 103 176 105
177 103 178 108
179 104 180 109
181 112 185 113
186 115 187 119
188 117 190 119
191 136 192 141
193 162 194 166
195 162 195 172
196 166 197 171
198 169 198 177
199 169 199 180
6 59 17 59
18 60 22 61
23 68 24 71
25 68 27 71
28 73 28 81
29 75 30 79
31 77 39 77
40 82 41 86
42 82 43 87
44 82 44 91
45 87 48 88
49 94 49 101
50 95 51 100
52 96 61 96
62 96 73 96
70 93 81 93
78 90 89 90
90 88 92 91
93 91 93 98
94 92 97 94
98 95 101 96
102 95 105 96
106 95 106 104
107 100 118 100
119 100 130 100
128 93 139 93
139 90 144 91
145 92 150 93
151 95 154 96
155 103 165 103
166 103 170 104
171 107 176 108
177 109 178 114
179 110 180 114
181 114 185 115
186 120 189 122
191 142 192 147
193 167 194 170
195 173 197 175
198 178 198 185
9 60 14 61
15 60 17 62
18 62 22 63
22 72 27 73
29 80 37 80
38 78 39 82
40 87 41 90
42 88 43 93
44 92 47 94
48 89 48 97
49 102 52 104
52 97 60 97
61 97 70 97
71 97 82 97
82 91 85 93
86 91 87 96
88 91 89 96
90 92 92 94
93 99 96 100
97 95 97 105
98 97 103 98
104 97 105 101
106 105 117 105
112 101 123 101
124 101 135 101
135 94 146 94
147 94 150 96
151 97 154 98
155 104 163 104
164 104 165 107
166 105 169 107
170 105 170 112
171 109 176 110
177 115 179 117
180 115 180 123
181 116 184 118
185 116 185 124
186 123 189 125
191 148 192 151
193 171 194 174
195 176 197 179
198 186 198 195
10 62 13 63
14 62 14 69
15 63 16 68
17 63 17 73
18 64 22 65
22 74 25 76
26 74 27 79
28 82 37 82
39 83 39 92
40 91 41 94
42 94 43 97
44 95 46 97
48 98 48 107
49 105 60 105
55 98 66 98
67 98 78 98
79 98 90 98
91 95 92 99
93 101 94 106
95 101 96 106
97 106 102 107
104 102 105 106
106 106 110 107
111 106 122 106
119 102 130 102
131 102 142 102
140 95 145 96
146 95 146 102
147 97 150 99
151 99 154 101
155 105 157 107
158 105 160 108
161 105 163 108
164 108 167 109
168 108 169 113
170 113 174 114
175 111 176 114
177 118 179 120
180 124 184 125
185 125 185 133
186 126 188 129
192 152 192 161
193 175 194 179
195 180 197 183
198 196 199 200
1 63 9 63
10 64 13 66
14 70 16 72
17 74 20 76
20 66 22 69
23 77 25 79
26 80 27 85
28 83 38 83
40 95 41 99
42 98 46 99
47 95 47 106
48 108 59 108
56 106 67 106
67 99 72 100
73 99 83 99
84 99 88 100
89 99 90 103
91 100 91 108
93 107 96 109
97 108 104 108
105 107 105 114
106 108 117 108
115 107 126 107
123 103 134 103
135 103 142 103
143 97 143 106
144 97 145 102
145 103 150 104
151 102 152 105
153 102 154 106
155 108 157 110
158 109 163 110
164 110 167 112
168 114 169 118
170 115 173 116
174 115 176 117
177 121 179 123
180 126 184 127
185 134 190 135
189 127 190 132
192 162 192 170
193 180 194 183
195 184 197 186
198 201 199 205
1 64 8 64
9 64 9 73
10 67 13 68
14 73 16 75
17 77 22 78
23 80 25 83
26 86 31 87
30 84 35 85
36 84 37 88
38 84 38 94
40 100 45 101
47 107 47 114
48 109 59 109
54 107 65 107
66 107 77 107
75 100 78 102
79 100 81 103
82 100 83 105
84 101 88 102
89 104 90 109
91 109 92 112
93 110 96 112
98 109 103 110
105 115 116 115
113 109 124 109
121 108 132 108
133 104 136 106
137 104 142 105
143 107 150 107
151 106 152 109
153 107 154 111
155 111 160 112
161 111 162 114
163 111 163 120
164 113 167 115
167 119 172 120
173 117 173 126
174 118 175 123
176 118 176 127
177 124 179 127
180 128 184 129
185 136 190 137
191 153 191 164
192 171 192 180
193 184 194 188
195 187 197 189
198 206 199 209
1 65 8 65
9 74 12 75
13 69 13 76
14 76 15 80
16 76 16 84
17 79 22 80
23 84 25 86
26 88 33 88
34 86 35 91
36 89 37 93
38 95 38 103
39 93 39 103
40 102 44 103
45 102 45 109
47 115 58 115
55 110 66 110
67 108 69 110
70 108 73 110
74 108 85 108
84 103 87 105
89 110 89 119
90 110 90 119
91 113 95 114
96 113 101 114
102 111 104 114
105 116 116 116
110 110 121 110
122 110 132 110
127 109 138 109
139 106 141 109
142 106 142 114
143 108 147 109
148 108 150 111
151 110 152 114
153 112 154 116
155 113 160 114
161 115 162 118
163 121 171 121
172 121 172 131
173 127 175 130
176 128 178 130
180 130 184 131
185 138 189 139
190 138 190 149
192 181 192 188
193 189 194 193
195 190 197 192
198 210 199 214
1 66 8 66
9 76 12 78
13 77 13 86
14 81 15 86
16 85 20 86
19 81 21 84
22 81 22 89
23 87 25 89
26 89 33 89
34 92 35 96
36 94 37 98
38 104 42 105
43 104 44 108
45 110 46 113
47 116 58 116
51 111 62 111
63 111 72 111
73 111 78 112
74 109 85 109
86 106 88 109
89 120 94 121
92 115 103 115
104 115 104 123
105 117 112 117
113 117 124 117
121 111 132 111
133 110 134 114
135 110 136 115
137 110 141 111
141 115 152 115
153 117 160 117
161 119 162 123
163 122 167 123
168 122 171 124
172 132 176 133
177 131 178 134
179 128 179 138
180 132 183 134
184 132 184 140
185 140 189 141
191 165 191 176
192 189 192 198
193 194 196 196
197 193 197 202
198 215 199 219
0 67 3 68
4 67 8 68
9 79 12 81
13 87 16 88
17 87 20 89
21 85 21 92
22 90 25 92
26 90 30 91
31 90 33 93
37 99 37 107
38 106 42 107
43 109 44 113
45 114 46 117
47 117 58 117
54 112 65 112
66 112 68 114
69 112 72 114
73 113 84 113
85 110 88 112
89 122 100 122
100 116 102 119
103 124 114 124
110 118 121 118
122 118 131 118
132 112 132 121
133 115 134 120
135 116 146 116
147 116 151 117
152 116 152 125
153 118 160 118
161 124 162 128
163 124 166 126
167 124 167 131
168 125 170 127
171 125 171 133
172 134 176 135
177 135 178 138
179 139 183 140
184 141 184 148
185 142 188 144
189 142 189 150
191 199 196 200
198 220 199 225
0 69 3 71
4 69 6 72
7 69 8 74
9 82 10 87
11 82 12 87
13 89 16 90
17 90 20 92
20 93 25 94
26 92 30 93
31 94 33 96
35 97 35 107
37 108 40 110
41 108 42 112
43 114 44 117
45 118 54 118
55 118 64 118
65 113 65 123
66 115 77 115
73 114 84 114
85 113 88 115
89 123 97 123
98 123 102 124
103 125 114 125
108 119 119 119
120 119 127 119
128 119 131 120
132 122 143 122
140 117 143 119
144 117 146 120
147 118 149 121
150 118 151 122
152 126 157 127
156 119 159 121
160 119 160 126
161 129 163 132
165 127 165 136
166 127 166 136
167 132 167 142
168 128 169 133
170 128 170 139
171 134 171 142
172 136 176 137
177 139 178 144
179 141 183 142
184 149 188 150
189 151 190 156
191 201 196 202
198 226 199 231
0 72 2 75
4 73 6 75
7 75 8 79
9 88 12 90
13 91 16 93
17 93 18 97
19 93 19 100
20 95 28 95
29 94 30 98
31 97 34 98
35 108 36 111
37 111 40 113
41 113 42 116
44 118 44 128
45 119 54 119
55 119 63 119
64 119 64 129
65 124 76 124
73 116 84 116
85 116 88 118
89 124 96 124
97 124 97 131
98 125 102 126
103 126 114 126
112 120 123 120
124 120 127 122
128 121 131 123
132 123 135 124
136 123 146 123
147 122 149 124
150 123 151 126
152 128 159 128
160 127 160 136
161 133 164 135
165 137 166 141
167 143 172 144
172 138 175 140
176 138 176 148
177 145 181 146
182 143 183 148
184 151 188 152
189 157 190 161
192 203 197 204
198 232 198 240
199 232 199 240
3 72 3 83
4 76 6 79
7 80 8 84
9 91 12 93
13 94 15 96
16 94 16 104
17 98 18 103
19 101 28 101
27 96 28 100
29 99 31 101
32 99 34 102
35 112 36 117
37 114 39 117
41 117 42 121
43 118 43 129
44 129 49 130
45 120 55 120
56 120 63 120
61 130 72 130
70 125 81 125
82 117 82 125
83 117 83 125
85 119 88 121
89 125 94 126
95 125 96 129
97 132 108 132
106 127 117 127
117 121 122 122
123 121 123 130
124 123 125 128
126 123 127 128
128 124 130 127
131 125 139 125
140 124 141 129
142 124 143 129
144 124 145 129
147 125 149 128
150 127 151 130
152 129 155 130
156 129 159 131
160 137 162 139
163 136 164 140
165 142 166 147
167 145 175 145
176 149 183 149
184 153 187 154
188 153 188 163
189 162 189 172
190 162 190 172
190 205 195 206
197 205 197 215
198 241 199 246
0 76 2 78
3 84 5 87
6 80 6 90
7 85 8 90
9 94 12 95
13 97 15 100
16 105 24 105
20 102 31 102
32 103 34 105
35 118 40 119
40 122 42 125
43 130 43 137
44 131 55 131
55 121 60 122
61 121 63 124
64 131 69 132
70 131 81 131
79 126 84 127
85 122 88 124
89 127 93 128
94 127 94 134
95 130 95 140
97 133 99 136
100 133 101 138
102 133 107 134
108 133 117 133
115 128 120 129
121 123 121 134
122 123 122 131
123 131 134 131
133 126 138 127
138 130 149 130
148 131 153 132
154 131 155 135
156 132 158 135
160 140 162 143
163 141 164 145
165 148 172 148
173 146 175 148
176 150 180 151
181 150 183 153
184 155 186 157
187 155 187 163
189 173 190 177
190 207 195 208
197 216 197 223
0 79 2 81
3 88 5 90
6 91 8 94
9 96 11 98
12 96 12 104
13 101 15 104
16 106 24 106
24 103 29 104
30 103 31 107
32 106 34 109
35 120 40 121
41 126 42 131
43 138 54 138
52 132 57 133
58 123 60 126
61 125 63 128
60 133 71 133
72 132 83 132
83 128 88 129
89 129 92 130
93 129 93 137
94 135 94 143
95 141 106 141
105 135 116 135
116 130 119 132
120 130 120 138
122 132 131 132
132 132 139 132
140 131 144 132
145 131 147 133
150 133 153 135
154 136 158 137
160 144 162 147
163 146 164 150
165 149 170 150
171 149 173 152
174 149 175 153
176 152 178 155
179 152 179 161
181 154 183 157
184 158 186 161
187 164 188 168
189 178 190 183
191 209 196 210
197 224 197 231
0 82 2 85
3 91 5 93
6 95 8 97
10 99 10 107
12 105 15 107
16 107 24 107
25 105 27 107
28 105 29 109
30 108 31 112
32 110 33 114
34 110 34 119
35 122 38 123
39 122 39 129
41 132 42 137
43 139 50 139
51 139 56 140
52 134 63 134
64 134 68 135
69 134 74 135
72 133 82 133
83 133 90 133
91 131 92 134
93 138 93 148
94 144 105 144
102 142 113 142
114 136 117 138
118 133 119 138
117 139 128 139
127 133 138 133
139 133 142 134
143 133 144 137
145 134 149 135
150 136 153 138
154 138 158 139
159 133 159 144
160 148 162 151
163 151 167 152
168 151 169 154
170 151 170 158
171 153 173 156
174 154 175 158
176 156 178 159
179 162 183 163
184 162 186 165
187 169 187 179
188 169 188 179
189 184 191 187
191 211 196 212
197 232 197 243
0 86 2 88
3 94 5 97
6 98 8 100
10 108 20 108
21 108 24 109
25 108 27 110
28 110 29 113
30 113 31 116
32 115 33 119
34 120 34 127
35 124 38 126
39 130 40 133
41 138 42 143
43 140 47 141
48 140 50 143
51 141 54 143
55 141 66 141
67 136 78 136
79 134 84 135
85 134 89 135
90 134 90 144
91 135 92 140
92 149 103 149
99 145 110 145
108 143 119 143
116 140 127 140
128 140 139 140
136 134 138 137
139 135 142 137
143 138 146 139
147 136 149 138
150 139 152 141
153 139 153 149
154 140 155 145
156 140 157 145
158 140 158 147
160 152 162 154
163 153 166 154
167 153 167 161
168 155 169 160
170 159 173 160
174 159 174 167
176 160 178 163
179 164 182 166
183 164 183 174
184 166 185 171
186 166 186 174
187 180 188 184
189 188 191 190
191 213 196 214
0 89 2 92
3 98 5 101
6 101 8 104
9 100 9 111
10 109 19 109
20 109 20 120
21 110 23 113
25 111 26 116
27 111 27 122
28 114 29 119
30 117 31 122
32 120 33 125
34 128 37 130
38 127 38 138
39 134 40 139
38 144 49 144
50 144 61 144
58 142 69 142
66 137 77 137
78 137 86 137
87 136 88 141
89 136 89 147
90 145 91 150
93 150 98 151
99 150 110 150
105 146 116 146
113 144 124 144
121 141 132 141
133 141 140 141
141 138 141 149
142 138 142 149
143 140 147 141
148 139 149 144
150 142 152 145
153 150 156 152
157 146 157 157
158 148 159 153
161 155 166 156
167 162 172 163
173 161 173 172
174 168 182 168
183 175 185 178
186 175 186 186
187 185 188 190
189 191 191 194
191 215 196 216
